Wed May 30 10:26:25 CST 2018  [debug] AvalonLogSystem initialized using logfile 'D:\大学\面向对象\four\.metadata\.plugins\com.genuitec.eclipse.templates\velocity.log'
Wed May 30 10:26:25 CST 2018   [info] ************************************************************** 
Wed May 30 10:26:25 CST 2018   [info] Starting Jakarta Velocity v1.4
Wed May 30 10:26:25 CST 2018   [info] RuntimeInstance initializing.
Wed May 30 10:26:25 CST 2018   [info] Default Properties File: org\apache\velocity\runtime\defaults\velocity.properties
Wed May 30 10:26:25 CST 2018   [info] Trying to use logger class org.apache.velocity.runtime.log.AvalonLogSystem
Wed May 30 10:26:25 CST 2018   [info] Using logger class org.apache.velocity.runtime.log.AvalonLogSystem
Wed May 30 10:26:25 CST 2018   [info] Default ResourceManager initializing. (class org.apache.velocity.runtime.resource.ResourceManagerImpl)
Wed May 30 10:26:25 CST 2018   [info] Resource Loader Instantiated: com.genuitec.eclipse.templates.internal.PluginResourceLoader
Wed May 30 10:26:25 CST 2018   [info] ResourceCache : initialized. (class org.apache.velocity.runtime.resource.ResourceCacheImpl)
Wed May 30 10:26:25 CST 2018   [info] Default ResourceManager initialization complete.
Wed May 30 10:26:25 CST 2018   [info] Loaded System Directive: org.apache.velocity.runtime.directive.Literal
Wed May 30 10:26:25 CST 2018   [info] Loaded System Directive: org.apache.velocity.runtime.directive.Macro
Wed May 30 10:26:25 CST 2018   [info] Loaded System Directive: org.apache.velocity.runtime.directive.Parse
Wed May 30 10:26:25 CST 2018   [info] Loaded System Directive: org.apache.velocity.runtime.directive.Include
Wed May 30 10:26:25 CST 2018   [info] Loaded System Directive: org.apache.velocity.runtime.directive.Foreach
Wed May 30 10:26:26 CST 2018   [info] Created: 20 parsers.
Wed May 30 10:26:26 CST 2018   [info] Velocimacro : initialization starting.
Wed May 30 10:26:26 CST 2018   [info] Velocimacro : adding VMs from VM library template : VM_global_library.vm
Wed May 30 10:26:26 CST 2018  [error] ResourceManager : unable to find resource 'VM_global_library.vm' in any resource loader.
Wed May 30 10:26:26 CST 2018   [info] Velocimacro : error using  VM library template VM_global_library.vm : org.apache.velocity.exception.ResourceNotFoundException: Unable to find resource 'VM_global_library.vm'
Wed May 30 10:26:26 CST 2018   [info] Velocimacro :  VM library template macro registration complete.
Wed May 30 10:26:26 CST 2018   [info] Velocimacro : allowInline = true : VMs can be defined inline in templates
Wed May 30 10:26:26 CST 2018   [info] Velocimacro : allowInlineToOverride = true : VMs defined inline may replace previous VM definitions
Wed May 30 10:26:26 CST 2018   [info] Velocimacro : allowInlineLocal = true : VMs defined inline will be local to their defining template only.
Wed May 30 10:26:26 CST 2018   [info] Velocimacro : messages on  : VM system will output logging messages
Wed May 30 10:26:26 CST 2018   [info] Velocimacro : autoload off  : VM system will not automatically reload global library macros
Wed May 30 10:26:26 CST 2018   [info] Velocimacro : initialization complete.
Wed May 30 10:26:26 CST 2018   [info] Velocity successfully started.
Wed May 30 10:26:26 CST 2018   [info] ResourceManager : found templates/xml/Xml.vtl with loader com.genuitec.eclipse.templates.internal.PluginResourceLoader
Wed May 30 10:39:12 CST 2018   [info] ResourceManager : found templates/xml/Xml.vtl with loader com.genuitec.eclipse.templates.internal.PluginResourceLoader
Wed May 30 10:42:05 CST 2018   [info] ResourceManager : found templates/xml/Xml.vtl with loader com.genuitec.eclipse.templates.internal.PluginResourceLoader
Wed May 30 10:51:58 CST 2018   [info] ResourceManager : found templates/xml/Xml.vtl with loader com.genuitec.eclipse.templates.internal.PluginResourceLoader
Wed May 30 10:55:21 CST 2018   [info] ResourceManager : found templates/xml/Xml.vtl with loader com.genuitec.eclipse.templates.internal.PluginResourceLoader
Wed May 30 11:03:27 CST 2018   [info] ResourceManager : found templates/xml/Xml.vtl with loader com.genuitec.eclipse.templates.internal.PluginResourceLoader
Wed May 30 11:08:12 CST 2018   [info] ResourceManager : found templates/xml/Xml.vtl with loader com.genuitec.eclipse.templates.internal.PluginResourceLoader
Wed May 30 11:12:44 CST 2018   [info] ResourceManager : found templates/xml/Xml.vtl with loader com.genuitec.eclipse.templates.internal.PluginResourceLoader
Wed May 30 11:15:20 CST 2018   [info] ResourceManager : found templates/xml/Xml.vtl with loader com.genuitec.eclipse.templates.internal.PluginResourceLoader
